55
147
328
339
393
162256
162257
162343
162346
162859
163366
163624
163642
163663
163755
163759
163767
163864
163865
163871
164044
164255
164501
164570
164753
164800
164807
165005
165014
165016
165624
166425
166655
167185
167189
167190
167259
167318
167363
167372
167716
167736
167744
167813
167890
167969
167970
168000
168068
168077
168097
168169
168170
168266
168278
168461
168519
168523
168524
168525
168526
168527
168529
168531
168536
168544
168553
168554
168556
168564
168565
168575
168578
168581
168582
168598
168606
168615
168617
168619
168621
168631
168638
168746
168749
168753
168767
168769
168784
168786
168789
168801
168804
168812
168813
168837
168838
168841
168847
168857
168872
168874
168881
168896
168899
168907
168918
168920
168931
168938
168947
168950
168965
168972
168973
168991
168997
169054
169104
169107
169114
169125
169152
169155
169165
169167
169171
169175
169184
169189
169208
169212
169234
169236
169245
169251
169254
169259
169266
169267
169280
169301
169307
169314
169316
169317
169323
169332
169350
169365
169370
169374
169388
169394
169396
169410
169411
169413
169424
169426
169427
169430
169442
169444
169445
169449
169450
169460
169479
169494
169518
169535
169536
169538
169542
169546
169554
169563
169569
169584
169588
169590
169622
169624
169626
169642
169660
169662
169883
169891
169895
170014
170016
170058
170075
170081
170099
170111
170117
170118
170143
170264
170265
170278
170303
170331
170752
171805
171808
171858
171859
171951
172251
172852
172861
172963
172972
173202
173273
173274
173305
173306
174502
174607
174628
174635
174654
174806
175802
176054
176067
176288
176422
176614
177023
177051
177052
177108
177117
177232
177451
177651
178203
178307
179251
179508
179852
180001
180870
181058
181406
181508
181755
181906
181955
182004
182503
183901
184086
184107
184554
185704
186801
189255
189705
194107
194118
194503
199051
199204
200556
203652
209543
213579
213626
215326
217177
244164
244498
244810
245863
247184
247550
248065
248073
248100
249854
249867
251664
251710
251817
256101
256300
256439
256576
256870
260153
263177
271273
272815
276846
276901
277039
278777
284135
286898
290216
293704
295771
305295
310456
312557
313057
315421
316485
317188
329647
336816
373975
425474
458503
465290
620507
621875
630297
641231
666966
667164
668728
668909
682035
686049
773572
792294
792338
807333
886353
916173
925488
937634
975845
983369
1003576
1010762
1033842
1090656
1141496
1179252
1190609
1214601
1293294
1349102
1362030
1372786
1374033
1376058
1455331
1457595
1514375
1547952
1555986
1572602
1579680
1582615
1582783
1616949
1618162
1622432
1623086
1633717
1643580
1682202
1688205
1695166
1697803
1708271
1730929
1733896
1737102
1737856
1747183
1748365
1748704
1753794
1755069
1756243
1756663
1761813
1765530
1771684
1773584
1774914
1781791
1781827
1783894
1785440
1790149
1792038
1795231
1798890
1799069
1802056
1811034
1816327
1816335
1820049
1822507
1825426
1830306
1834374
1841818
1847303
1852962
1854886
1863848
1864366
1893060
1895665
1897711
1912168
1917256
1918146
1918344
1926008
1935598
1941314
1945758
1946156
1950242
1950417
1953434
1955521
1959197
1965678
1968489
1971672
1976169
1990076
1990188
2002548
2006855
2009673
2009750
2026121
2026352
2030069
2038086
2045282
2046157
2047538
2054050
2060937
2070404
2089455
2093013
2093260
2093367
2099263
2099735
2103981
2104402
2111885
2114512
2115622
2120218
2120381
2131369
2132485
2138495
2141088
2143032
2151608
2155293
2160630
2177324
2177875
2178037
2214714
2218710
2227485
2289959
2291355
2296702
2297557
2299278
2311605
2312795
2313062
2315432
2320503
2325685
2326886
2332877
2333210
2336079
2348875
2372597
2373169
2374287
2374686
2374774
2385855
2400944
2404725
2406836
2406873
2413342
2420462
2430139
2432055
2450104
2455506
2464598
2465755
2476951
2483799
2483856
2483959
2488043
2488380
2491473
2496336
2503786
2503873
2504028
2504426
2506378
2514830
2520661
2536123
2536729
2536922
2539527
2552226
2557661
2561531
2569964
2581591
2593578
2596041
2597969
2608104
2609548
2611498
2611510
2611752
2616935
2621580
2621990
2628449
2628452
2629637
2629737
2632169
2632466
2632473
2634619
2639569
2652753
2669477
2675042
2677817
2686090
2686101
2693243
2696461
2696988
2700924
2701267
2717682
2717897
2717934
2725842
2729898
2733314
2735918
2736536
2736848
2738300
2738923
2739297
2739507
2740880
2741097
2750359
2756783
2758942
2767537
2770075
2776535
2777891
2789376
2797307
2801781
2811383
2823583
2830916
2838697
2847109
2854541
2855231
2868487
2873889
2875549
2879110
2886049
2888649
2888656
2890912
2902533
2904449
2904520
2905542
2909640
2910996
2913758
2915385
2922616
2925324
2928511
2928617
2936625
2937518
2957468
2957867
2966647
2968981
2975484
2978853
2980548
2986541
2990734
2997715
3004590
3014628
3021472
3022797
3030814
3033796
3037523
3039985
3042216
3046464
3049132
3049359
3055610
3064101
3069348
3069698
3071176
3071369
3071529
3083233
3083693
3097485
3100693
3102364
3104951
3106422
3107899
3115432
3117713
3118074
3119507
3125088
3126375
3133548
3134944
3138237
3139165
3144740
3144975
3148752
3149114
3150669
3152076
3155524
3157589
3159475
3161791
3162163
3163162
3163430
3163778
3166660
3168876
3169161
3173246
3173278
3174811
3180444
3183119
3194814
3194985
3195521
3197281
3197530
3197607
3197724
3197756
3197850
3198004
3200794
3201284
3203142
3204947
3207894
3209640
3219317
3219926
3221602
3226560
3229701
3231135
3233374
3236962
3241900
3243104
3244939
3246713
3246732
3254918
3263145
3265244
3266051
3266067
3270779
3277392
3278248
3283042
3288075
3289924
3293859
3296591
3297685
3302858
3307185
3312000
3321413
3322716
3323657
3323773
3324510
3324660
3325957
3326609
3326623
3327941
3331674
3331891
3334454
3336767
3338753
3339925
3346365
3346725
3350041
3355499
3355764
3362295
3362741
3363489
3368623
3370210
3370938
3372491
3372675
3373501
3374536
3384834
3384850
3390786
3396433
3407897
3409941
3411232
3418246
3421105
3426198
3427813
3429351
3437943
3438692
3438792
3445532
3449523
3450357
3455825
3459738
3459741
3465863
3467584
3479455
3482155
3484240
3492252
3494477
3496652
3501177
3502081
3503339
3506725
3507313
3508621
3509588
3514747
3514914
3518156
3519121
3519142
3519259
3520370
3520386
3523925
3525708
3528377
3529991
3532795
3532845
3533418
3538398
3540698
3543376
3548248
3553286
3556363
3558418
3565353
3565465
3567953
3568094
3579494
3579998
3589870
3603982
3604601
3606495
3623630
3623672
3625203
3627675
3627987
3628621
3630273
3630363
3630865
3630873
3637131
3655520
3656086
3659934
3678861
3688951
3691951
3697949
3698253
3699956
3699962
3703721
3706029
3706202
3708949
3712655
3714431
3717170
3719006
3746782
3749589
3749985
3750075
3751290
3751298
3757880
3757948
3758759
3760224
3760350
3760641
3760845
3769500
3769870
3770441
3772950
3797001
3797062
3814319
3814459
3815162
3816629
3819043
3821259
3824151
3824952
3838305
3841360
3841884
3842152
3844911
3845180
3845656
3845971
3869970
3870051
3872226
3882136
3884503
3903288
3904717
3914375
3949158
3950968
3951175
3958279
3970594
3972478
3974651
3977962
3979649
3980733
3999836
4000610
4002109
4003688
4007276
4008306
4008309
4009527
4009816
4015679
4016034
4017239
4022779
4022810
4025420
4027108
4028145
4028301
4029388
4041982
4043374
4046048
4048519
4049378
4049627
4049654
4049657
4059581
4073890
4075334
4075375
4076460
4076491
4077664
4079189
4080690
4100321
4100327
4101253
4104589
4107880
4120316
4120349
4122774
4123334
4124668
4124720
4132241
4134025
4136083
4138036
4146380
4152606
4154409
4156457
4160070
4160399
4160686
4160857
4180867
4180870
4181873
4182372
4186818
4186837
4186993
4191003
4200245
4201394
4206282
4206478
4206968
4206972
4208197
4218321
4218950
4220707
4226282
4226652
4229857
4230251
4231495
4231661
4232649
4234496
4235314
4240792
4244377
4245984
4246805
4246854
4248772
4250358
4251120
4251371
4252173
4252406
4255756
4255821
4257551
4257819
4258041
4259098
4259258
4259663
4280349
4280369
4284862
4284974
4287015
4304788
4311638
4314340
4314760
4319757
4320306
4335723
4335957
4336062
4350789
4353743
4359308
4365139
4365209
4365814
4366115
4366635
4367397
4367976
4376590
4383782
4383925
4385324
4386934
4390736
4405487
4406111
4406348
4407282
4407799
4409653
4412456
4415384
4418560
4420047
4421552
4421719
4422770
4422815
4423327
4423406
4427826
4427846
4427912
4427951
4428777
4430306
4431000
4432300
4432772
4434223
4434228
4434553
4437987
4439388
4439411
4440396
4440574
4441985
4442055
4442056
4442187
4444473
4444588
4445991
4446118
4446386
4450136
4450401
4451261
4451661
4452154
4452431
4453784
4454256
4455371
4455390
4455582
4455698
4456097
4457384
4457811
4457813
4469085
4479264
4479422
4479585
4479605
4480239
4480243
4480339
4480677
4482164
4482969
4483992
4484113
4484282
4486055
4486084
4486408
4489518
4489754
4491949
4493749
4493786
4493856
4494071
4494619
4497958
4501807
4503100
4503115
4503309
4503809
4505738
4507029
4507951
4509023
4509032
4509821
4514299
4514694
4514845
4517170
4518901
4519192
4519390
4519602
4520863
4520997
4521059
4533651
4533720
4540857
4541182
4541686
4542859
4543146
4543355
4543784
4544897
4545062
4545200
4545401
4550414
4551813
4551831
4552435
4552503
4558274
4558352
4558596
4558627
4560446
4564450
4564455
4567943
4569955
4571105
4571408
4575424
4576033
4579200
4579755
4579764
4581153
4581250
4582067
4584209
4584330
4585753
4586253
4586272
4586640
4586934
4586962
4586963
4588121
4588123
4588160
4592687
4593822
4593909
4594077
4607011
4607109
4607454
4607683
4607704
4609607
4609774
4614567
4614626
4617734
4617792
4623570
4623590
4624399
4625917
4625982
4626379
4626393
4629794
4629831
4629924
4630066
4630095
4630272
4630543
4631541
4632624
4633117
4635374
4635880
4635959
4637213
4637315
4638570
4639679
4639737
4640265
4640381
4640529
4640807
4641925
4647549
4647559
4647826
4649833
4650259
4650553
4650691
4651862
4651873
4654515
4654702
4655011
4655322
4661521
4661552
4661734
4663398
4666080
4670804
4671986
4672234
4672336
4672755
4673052
4679934
4682360
4682741
4682763
4683007
4683072
4693187
4695076
4702423
4702625
4702695
4702874
4702918
4707184
4711310
4712841
4713027
4714726
4715036
4716525
4720762
4721850
4722201
4724733
4725708
4726302
4726364
4726544
4728016
4730808
4731909
4732243
4732315
4745517
4745928
4749156
4749982
4750777
4750946
4754097
4758319
4758589
4759084
4759225
4759365
4759608
4764147
4764209
4765827
4769010
4770604
4770724
4772404
4772853
4772905
4773140
4773237
4773519
4774596
4779660
4780282
4780323
4780346
4780769
4780842
4781168
4783510
4783557
4783794
4783987
4785321
4785375
4785446
4787337
4787407
4791461
4792667
4792999
4793210
4793381
4793480
4804080
4804371
4805025
4805265
4806135
4806414
4806873
4816407
4816930
4816958
4819918
4819940
4819969
4821346
4822292
4823722
4824120
4824270
4830673
4831401
4831426
4832819
4833162
4833757
4834605
4834798
4835380
4835587
4835618
4836597
4837457
4841790
4842259
4842393
4844631
4844686
4844807
4844970
4845102
4845530
4846976
4847058
4847067
4847068
4848570
4848621
4848634
4848818
4849006
4849032
4852157
4852193
4852405
4853793
4854195
4854848
4855779
4855960
4858378
4859253
4859285
4859292
4859309
4874601
4880462
4889563
4897415
4900971
4903946
4906154
4906163
4909362
4911323
4915763
4919983
4921494
4921505
4923737
142
361
389
452
461
467
520
540
619
658
676
162601
162755
162860
163369
163662
164120
164502
164677
166008
166224
166366
166562
167211
167252
167301
167328
167329
167735
167886
167943
167959
167965
167990
168070
168078
168174
168562
168591
168765
168766
168772
168798
168825
168898
168941
169008
169117
169186
169247
169252
169263
169278
169407
169415
169428
169435
169482
169508
169519
169548
169560
169564
169567
169571
169592
169595
169629
169648
169650
169725
169802
169863
169865
169886
169920
169923
169976
170001
170119
170220
170256
170270
170276
170287
170317
170326
170329
170333
170408
170425
170429
170431
170432
170434
170437
170455
170657
170701
170805
170806
170901
171001
171815
171855
172154
172452
172651
172729
172737
172751
172752
172757
172760
172762
172772
172856
172858
173255
173261
173263
173266
173270
173302
173501
173502
173651
174001
174104
174151
174207
174255
174263
174271
174286
174503
174506
174510
174619
174621
174915
176205
176214
176220
176257
176354
176365
176408
176415
176558
176601
176632
176653
176657
177207
177211
177222
177254
177317
177751
178401
178402
179101
179151
179201
179303
179304
179504
179506
179851
180004
180102
180855
180866
181006
181009
181302
181507
181536
181654
181961
182011
182603
182651
182803
183101
183605
184055
184116
184153
185152
185251
185502
185651
185703
186301
186807
186953
187303
187801
188701
188951
189752
190051
190053
190403
190502
190503
191353
192403
192751
194607
194651
195105
195154
196252
198202
199206
199602
201454
201559
202152
202302
202952
203003
203210
205652
206902
207256
207257
207302
207604
207854
207958
208014
208115
209517
209521
209875
210628
214329
214426
215126
216377
220132
220876
226329
226534
226880
229026
231382
232228
240984
242626
244180
244393
244667
244695
244819
245024
245292
245308
245323
245327
245365
245791
245841
246111
246371
246610
246863
247043
247195
247223
247705
247737
247765
248018
248039
248360
248922
249334
249898
249902
250089
250186
250704
250795
251046
251227
251368
251551
252045
252057
252295
253624
254030
254089
254289
254425
255488
255986
256120
256787
256826
258135
259570
259989
260183
260387
260557
260726
260937
261009
261143
261455
262796
262838
262952
262978
263334
263393
263455
263853
264350
264668
264779
264830
264924
265327
265400
267601
268237
269400
269699
269904
270142
270457
270630
270633
270635
270862
271369
271371
271519
271614
271679
272066
272730
273028
273122
274059
274481
275347
275377
275530
276656
276906
277036
277070
277074
277137
277360
277771
277827
278101
278182
278732
278769
278836
278840
279215
279277
279655
279812
281056
281722
281830
282133
282905
282980
283011
283239
283464
283770
283791
283852
283864
283957
284450
284919
284963
285240
285515
285569
285659
285984
286900
287543
288093
288206
288391
288749
288827
289111
289138
289885
290586
290777
291967
292897
294470
298111
298186
300099
304554
307152
307872
308078
308118
309118
309161
310359
310948
310980
311294
312940
313255
313551
314328
315196
316450
316926
317104
317216
319225
319480
319776
320684
320792
323155
323218
324119
324295
326339
326342
326687
328475
328676
328783
328970
329654
330500
331041
331106
333222
334169
335857
336127
337340
339947
342680
346393
347123
347567
352398
355604
357040
357808
359985
360079
361621
362862
363581
372017
372170
374838
375032
375178
428532
429224
429787
429994
460993
463630
464001
465902
465971
467552
470937
512319
599717
611131
612951
627363
639822
639824
641264
648027
649209
653209
659921
660404
667858
676598
681476
682930
687317
696358
700951
704174
710456
713429
722958
730164
740662
741984
775077
776805
802793
827410
842088
844494
849545
852558
858869
872755
880189
882952
883540
898781
905308
908736
911050
911329
924228
934136
939633
940534
942632
957076
957116
958128
967200
973847
1001624
1005441
1038180
1038246
1041245
1050504
1077393
1128530
1129244
1147171
1162331
1170334
1172638
1186210
1191877
1192976
1198038
1199149
1210999
1214667
1220583
1253774
1266892
1267867
1274565
1292985
1305009
1310857
1321070
1328636
1341265
1341304
1345851
1349655
1350380
1358799
1362270
1368990
1376702
1377674
1397560
1410364
1429488
1437535
1454583
1455810
1484877
1489680
1492134
1499435
1501989
1511679
1517813
1519325
1525600
1525757
1527674
1535406
1538670
1539918
1540332
1566770
1595554
1614301
1624499
1645528
1645656
1655464
1672165
1673597
1678458
1678506
1679241
1687681
1691337
1694673
1750233
1753294
1753702
1788190
1791478
1791672
1793109
1798475
1800783
1802048
1818924
1820101
1868359
1870414
1877734
1894724
1898969
1940770
1946756
1958952
1975072
1980802
1990449
1993268
1998321
2001035
2024658
2035831
2040930
2046124
2059349
2059898
2085061
2091627
2094383
2114640
2117021
2125962
2126187
2132693
2148213
2166399
2166549
2174997
2193023
2203884
2256922
2267456
2272414
2283314
2290038
2299079
2313340
2321311
2326778
2330860
2333304
2343969
2368622
2373172
2379456
2395124
2404587
2428482
2430079
2462327
2463451
2491770
2507086
2513539
2517713
2518659
2528758
2557544
2561646
2564782
2565016
2581612
2581822
2581927
2583645
2594500
2605332
2605573
2619565
2619591
2623498
2644899
2651741
2663111
2664930
2683153
2683896
2688211
2693889
2699201
2701874
2705636
2708593
2719457
2722851
2733597
2759298
2780514
2787121
2790782
2811579
2823586
2830638
2830678
2845967
2858703
2873410
2892432
2898221
2901817
2904193
2905676
2909511
2936261
2937038
2937361
2939640
2956341
2960258
2963812
2969599
2975063
2983751
3003017
3006845
3016626
3021405
3030562
3042630
3049181
3050928
3059341
3079514
3085677
3090263
3091675
3096115
3102588
3107942
3111685
3117615
3128884
3152468
3157682
3159332
3171132
3172874
3193426
3197513
3197718
3217473
3221795
3224760
3233399
3244741
3249622
3259525
3259708
3263798
3270461
3270790
3286239
3288008
3302967
3309357
3323732
3326620
3328005
3333504
3338484
3340313
3348630
3350744
3352327
3359831
3363547
3364795
3372592
3381833
3383952
3402688
3405290
3416981
3421130
3429604
3437563
3447734
3453609
3458843
3461783
3462770
3467797
3470993
3477854
3480751
3484626
3496654
3501030
3502341
3516484
3520290
3520330
3527218
3535679
3538585
3539463
3540732
3547902
3551616
3554564
3558270
3566043
3568468
3583365
3591621
3593996
3618724
3620275
3626507
3628619
3629036
3629160
3631167
3637093
3645324
3659146
3661405
3665390
3665412
3691332
3706291
3758394
3770109
3773083
3817832
3821275
3824745
3837506
3837566
3845118
3845144
3869713
3870018
3882927
3912788
3920014
3949671
3950722
3956417
3970533
3970884
3980474
4017565
4019610
4019906
4027137
4027354
4028205
4073878
4101547
4101593
4102593
4103955
4104335
4104367
4119634
4124595
4125504
4131525
4132282
4135110
4137001
4137240
4158381
4158399
4181015
4186931
4206653
4208964
4209146
4209177
4218860
4218993
4234855
4243594
4246684
4251197
4284855
4284963
4285293
4298764
4298883
4299083
4300427
4300441
4300720
4301930
4303132
4315006
4320074
4320313
4334076
4336291
4386683
4389596
4407683
4413631
4414238
4421526
4421603
4426221
4431005
4431232
4434576
4437458
4437595
4440076
4443892
4444196
4445916
4453424
4453827
4453829
4455408
4456366
4457333
4479623
4484918
4489515
4490200
4492129
4493662
4493677
4493864
4505892
4507531
4509377
4509723
4509761
4514267
4519200
4519278
4519505
4540695
4541532
4541541
4543759
4545697
4550680
4560443
4564407
4565239
4569908
4570838
4572953
4573388
4573392
4575458
4576643
4583892
4584700
4586250
4586688
4588139
4606651
4606751
4608715
4625541
4643978
4649198
4650556
4651928
4654879
4656339
4659635
4659690
4659925
4661924
4667236
4674538
4674701
4675491
4675693
4675829
4681120
4683050
4702617
4705736
4714703
4714912
4716535
4721797
4726314
4727720
4727741
4727946
4730536
4730812
4731948
4732246
4745261
4745933
4758581
4761145
4762067
4768824
4774581
4776318
4776460
4779432
4779743
4780026
4784449
4785357
4792523
4792866
4792868
4792871
4792875
4792880
4792885
4793442
4804066
4804069
4804270
4804556
4804622
4806838
4816649
4816968
4822047
4824090
4824174
4826533
4827058
4833457
4836456
4837635
4842757
4843169
4848713
4854209
4856273
4858363
4859259
4903951
4905891
4914203
1001240
1001653
1002747
1003589
1003673
1003983
1004015
1004395
1005391
1009673
1010898
1010975
1012170
1013014
1015259
1016842
1023667
1023893
1026493
1033498
1034820
1035880
1039664
1042155
1047906
1049118
1057346
1058301
1058350
1062657
1064656
1069071
1076569
1083562
1083775
1084983
1085620
1085790
1086343
1090116
1090346
1091749
1094221
1100118
1103771
1105289
1105415
1110998
1111248
1111991
1112277
1114162
1114505
1114564
1118011
1118396
1119444
1120238
1124648
1125067
1125197
1128277
1131654
1131711
1131785
1132764
1134068
1135061
1141404
1141415
1143350
1144783
1145934
1151255
1157888
1159362
1160360
1160370
1160512
1161398
1163273
1163661
1163754
1164746
1164750
1166059
117
1171335
1171794
1172554
1173154
1174106
1174208
1178257
1179732
118
1180636
1183656
1184072
1184938
1187032
1187330
1191517
1191907
1194257
1195032
119719
1199154
1199449
1200543
1201538
1203685
1205117
1210924
1211115
1211399
1212594
1213818
1214844
1215660
1219766
1221824
1224968
1225221
1225960
1226150
1227338
1228354
1228618
1229323
1229730
1231551
1236030
1238340
1239763
1240014
1241030
1241077
1241188
1241231
1245246
1247856
1248718
1249155
1253898
1254804
1256059
1256922
1259838
1264020
1266487
1266886
1267837
1269232
1272114
1274805
1280035
1280458
1280483
1280516
1281942
1283050
1283274
1284703
1290829
1291156
1291163
1296394
1298889
130
1300413
1302420
1302444
130321
1304118
1310675
1311054
1316588
1328673
1331689
1331965
1333776
1334284
1335229
1335307
1336476
1336506
1336583
1336902
1337974
1338807
1338815
1338879
1339024
1340805
1342262
1342280
1344457
1344502
1348017
1349227
1349240
1349324
1349341
1350355
1350814
1351646
1355505
1355516
1356153
1356667
1357548
1357893
1358787
1358808
1358917
1359895
1362732
1363540
1364916
1364932
1365656
1365957
1366917
1370375
1371539
1372781
1376789
1378827
1380396
1383816
1383842
1384907
1385269
1386222
1387317
1393827
1394194
1397771
1397779
1399124
1400216
1402064
1404709
1406115
1407749
1408515
1410210
1412373
1415120
1416125
1416457
1417551
1420151
1420209
1421317
1422663
1427243
1428663
1429494
1429575
1431004
1435502
1436856
1436870
1440840
1440842
1447291
1449701
1454578
1455386
1456569
146
1461014
1465015
1465207
1467273
1467811
1468907
1478572
1482459
1483308
1483638
1483881
1485853
1487093
1489601
1492078
1492330
1493152
1494081
1496943
1497005
1497996
1498358
1500299
1500564
1500738
1501558
1501908
1501987
1502005
151
1510226
1510278
1511527
1517506
1519006
1519156
1522496
1525209
1528041
1532337
1537279
1537341
1537580
1540178
1541796
1544812
1546552
1548441
1549632
1549745
1554104
1556285
1556581
1557828
1559232
1559589
1563762
1565066
1565199
1565787
1566835
1566908
1567070
1567398
1568530
1571243
1572645
1572933
1575447
1582716
1584686
1585569
1589423
1590972
1592028
1592169
1592304
1595567
1595886
1601081
1601962
1603560
1607192
1607376
1612349
1614304
1615964
1617000
162
1620763
162155
162157
162167
162170
162176
162177
162201
162204
162275
162278
162303
1623094
162312
162338
162402
1624020
162405
162406
162453
162456
1625417
1625680
1625756
162652
162654
1627093
1627098
162727
162729
162732
162736
162746
162747
162853
162857
163062
163063
163064
163154
163365
163367
163551
163553
163556
163607
163609
163633
163640
163641
163653
1636573
163660
163704
163751
163752
163768
163870
163877
163878
163881
163883
163884
163885
163887
164042
164115
164117
1641561
164157
164203
1642305
164254
164257
1642678
1644034
1644051
1644059
164503
1645684
164574
164628
1646420
1646496
1646729
164754
164806
164856
1649501
165006
165012
165070
165072
1651218
1651471
165154
1651649
1654451
1654646
1655555
1655613
165658
1656770
1661202
1661265
166153
166266
166416
166424
166470
166471
1664738
166474
166476
1664762
166552
166556
166564
166601
166701
166805
166903
167
167118
167119
167124
167163
167179
167184
167191
167201
167206
167209
167213
167216
167226
1672301
167237
167250
167251
167253
167263
167302
167304
167312
167313
167314
167319
167326
167327
167332
167336
167340
167341
167343
167350
167351
167360
167361
167364
167407
167422
167497
167509
167512
167513
167557
167558
167572
167586
1676129
167709
167729
167759
167806
167816
1678983
167944
167947
167952
167954
167955
167958
167973
167975
167977
167979
167987
167991
167993
168003
168007
168062
168075
168081
168083
168087
168098
1680984
168101
168171
168172
168181
168195
1682355
1682572
168259
168263
168265
168267
168303
168351
168451
168452
168508
1685103
168511
1685113
168512
168513
168514
168515
168516
168517
168520
168532
168534
1685357
168540
168542
168546
168547
168561
168572
168573
168576
168590
168593
168597
168602
168603
168604
168605
168607
168620
168625
168626
168630
168632
168635
168641
168647
168648
168650
168730
168755
168758
168759
168760
168761
168763
168764
168775
168777
168779
168782
168788
168792
168793
168795
168799
168800
168806
168807
168808
168809
168811
168814
168816
168817
168819
168821
168828
168830
168831
168832
168836
168839
168844
168849
168852
168855
168858
168861
168864
168867
168873
168875
168883
168884
168887
168894
168895
168912
168914
168915
168921
168922
168923
168925
168927
168928
168935
168936
168939
168940
168943
168948
168952
168954
168955
168963
168970
168974
168975
168977
168981
168983
168984
168992
169004
169005
169052
169053
169057
169111
169120
169122
169128
169157
169159
169160
169166
169177
169182
1691866
169187
169188
169191
169198
169206
169218
169221
169223
169225
169232
169237
169239
169242
169244
169246
169255
169261
169262
169265
169269
169271
169273
169276
169281
169302
169303
169305
169310
169315
169318
169322
169324
169327
169330
169331
169334
1693387
169339
169352
169359
169368
169391
169392
169398
169401
169402
169403
169406
169412
169417
169419
169422
169423
169431
169432
169433
169439
169451
169455
169456
169459
169468
169469
169470
169474
169481
169483
169485
169490
169493
169501
169502
169509
169516
169529
169530
169533
169544
169552
169553
169559
169562
169565
169574
169581
1695843
169585
169614
169618
169627
169630
169633
169634
169636
169659
169666
169667
169679
169686
169714
169715
169738
169740
169741
169806
169855
169872
169873
169880
169884
169901
169904
169906
169907
169909
169911
169912
169919
169929
169931
169937
169951
169952
169957
169960
1699615
169963
1699695
169974
1699953
170002
170010
170015
170017
170024
170025
170028
170061
170070
170073
170079
170083
170087
170088
170091
170096
170112
170114
170123
170124
170126
170130
170133
170134
170135
170145
170203
170213
170215
170217
170218
170219
170224
170255
170257
170258
170260
170261
170268
170269
170273
170274
170277
170286
170290
170292
170295
170296
170299
170300
170301
170305
170308
170315
170318
170322
170323
170327
170328
170330
170401
170403
170405
170407
170424
170430
170441
170442
170443
170444
170445
170449
170453
170504
170551
170606
170608
170610
170654
170655
170656
170702
170751
170803
170857
170903
171151
171201
171255
171301
171351
171352
1714265
1714331
1714374
171451
171502
171504
1715305
171551
171651
1717366
171803
171804
171806
171809
171811
171813
171816
171852
171857
171861
171901
171904
172051
172101
172201
172202
1722177
172301
172351
172402
172404
172405
1724911
172552
172655
172704
172707
172711
172726
172730
172759
172855
172857
172859
172862
172953
172955
172965
172968
172971
172974
172976
173006
173051
173101
173102
173103
1731107
173151
1731985
173201
173203
173258
173264
173265
173267
173269
173272
173275
173301
173304
173307
173308
173309
1734640
173554
1737082
1737114
1738068
1740267
174052
174152
174206
174208
174261
174266
174269
174270
174285
174353
174354
1744083
1744483
174507
174509
174511
1746017
174602
174604
174608
174612
174614
174617
174620
174627
174636
174650
174653
174701
174711
174717
174724
174807
174906
175101
175201
1752388
175352
175401
175502
175551
1755971
1756305
1757045
175853
175854
176009
176053
176055
176057
176060
176102
176203
176204
176207
176213
176251
176254
176271
176277
176284
176292
176301
176302
176306
176309
176359
1763615
176362
1763871
1764002
176401
176405
176416
176504
1765179
1765528
176555
176561
176569
176573
176602
176603
176609
176616
176619
176626
176642
176645
176659
176660
176664
176703
176704
1768025
176901
177003
177006
177007
177012
177016
177053
177054
177055
177057
1770824
177101
177103
177111
177112
177118
177121
177126
177153
177155
177203
177215
177216
177217
177218
177219
177224
177226
177229
177230
177260
177267
177314
177326
177351
177355
177403
177405
1774924
177501
1776048
177652
177653
177654
177851
1778829
1779052
177951
177952
177953
177954
177956
1780087
178056
178151
1781846
1781865
178301
178303
178404
178451
178453
178503
178504
178507
1785472
1785486
178551
178801
1788250
178902
1789391
178951
1790164
179052
1791957
179301
179355
179356
179357
179401
1794341
179451
179452
1795424
1795530
179651
179751
179853
179854
179858
1798903
179953
180052
180103
180201
180202
1802692
180303
1803487
180352
180357
180358
1804292
1804385
1805969
180608
180656
180867
181
181155
181158
181160
181165
1812401
181306
181353
181355
1813993
181411
181452
181453
181456
181506
181510
181517
181551
181605
1816404
1816432
181653
181701
181903
181952
181953
181957
182006
182018
182019
182052
182156
182202
182251
182303
1824869
1825435
182806
1829595
183102
1832069
183352
183402
183404
1836338
1836955
183701
183751
183964
184004
184008
184057
184103
184105
184106
184253
184351
184352
184353
184401
1844624
184601
184602
1847422
1850725
185105
1852933
1852971
185302
185351
1854994
1854995
1855003
185553
1855929
1857558
1857695
185851
1858724
186
186002
186101
186252
1863234
1863241
1863906
1866234
1866587
186806
186809
186910
1869449
187053
1871507
187252
187401
187601
187652
187701
1877767
1879923
1880477
188101
188106
1882922
1883174
188402
188551
188601
1886884
1887552
1888371
1888374
189302
189305
189357
189375
189501
189755
189759
1897729
189802
189903
190002
190101
1901393
190251
190302
190304
190305
190306
190308
1903337
190401
190408
190452
1906775
190704
1909642
1911544
191201
191202
1913972
191502
1915872
191656
191803
1918221
1918835
192
192153
1921992
1923893
192452
1925309
1925996
192651
1929889
1932198
193351
193356
193460
193468
193473
193477
193555
1938414
1938420
193903
193952
1940938
194126
1941292
194134
194142
1941562
1941752
194303
194403
194452
194466
1945042
194506
194507
1945743
194708
194714
1947493
1947625
194807
195151
195152
195201
195202
1953131
195501
1958079
1959027
1959874
196251
1962984
1963271
1963391
1964619
1964733
196553
1965588
196651
1966525
1967026
1967079
1968509
197
1971567
1972177
1973498
1973651
1975159
1975213
1975592
197601
197851
197951
1980709
1980878
198101
1983161
1983186
1983313
198552
1985962
1988282
1988689
1993479
1995010
199601
199603
1996943
1999212
2001430
2001577
2002796
200351
2006293
2006752
200752
2008014
2009966
2010418
201057
2011447
2011485
2012737
2012788
2012972
201455
201504
2015483
201557
201563
201602
201604
201657
201719
201720
201953
2020718
202153
2022045
202353
202356
202402
2024698
2024764
2026387
2026545
2029970
2029976
2030075
2030643
2030644
203101
2031665
203203
203208
203309
2034083
203502
203504
2035288
2036045
203661
203668
2038017
2038251
2039944
204059
204062
2040665
2041388
2044211
2044212
2044245
2044247
2044248
2044251
2044254
2044255
204452
2044968
2044981
2045172
2046127
2046616
2047124
204752
2049711
2049778
2050395
205201
2052402
205303
205704
2057374
2058000
205851
2060932
2061814
206351
206904
2069334
2069622
207152
207153
207501
2076982
207853
2079361
208036
2080852
208152
2084918
208654
2086637
208761
2090963
2091200
209301
2093014
2094403
209505
209526
209534
209612
209638
209702
209710
209742
209747
209781
209782
209838
209873
210183
210230
2106483
210677
2115632
211878
2119912
2120341
212427
212476
2125042
2127312
2127328
212777
2130371
2130649
2131556
213879
213882
214028
2140854
2141256
2141573
2142864
2142916
214476
214526
2146614
2150333
2150523
2158069
2158379
2158708
2160066
2160221
216076
2161269
2162331
217376
2176435
2176695
2177504
2177862
217826
218026
2183352
218426
2185607
2187523
2187670
2187730
2189472
2193444
2193469
2198829
220377
220528
2205461
2205594
220778
2208003
2208753
2208882
221427
2214395
2214490
2218675
2222508
2224579
2226402
2227330
2227726
223029
2232071
223226
2232933
2233241
2233599
2233915
223477
2242810
2242811
224331
2243452
224627
2248937
2249233
225227
2253076
2254669
2254703
225476
2257555
2257654
2258620
226
2261820
226529
2267459
2267767
226878
227028
2272174
2272201
2274209
227476
2277809
2278004
2279802
228127
228276
2289626
2290352
2290384
2296509
2298987
2299587
2300994
2301335
2303281
2306224
2307917
230826
2309082
2310874
2311595
2314644
2315351
2316704
2325084
2325404
2333061
2334240
2336762
2338354
2341021
2343173
2345899
2346300
2350814
2351235
2351256
2355772
2355889
2361978
2365514
2365518
2365598
236976
2371002
2371233
2372854
2379369
2381696
2384983
2388695
2390347
2390771
2392778
2393257
2393878
2394050
239577
239677
240
2400807
2402885
2402907
2403501
2405572
2409304
2409327
241078
241127
2413344
2413513
2413844
241483
2416672
2421268
2424299
2424497
2426910
2426946
2430268
2430583
2432050
243231
243328
2435698
243577
2435790
2436403
243676
244076
244077
2440953
2441245
244132
244165
2441808
2441921
244195
244243
2442488
244274
244276
244328
244418
244428
2444752
244504
2445052
244523
244684
244864
244880
244883
2449774
2449852
2450725
2450984
245205
245208
245311
245381
245551
245578
245757
245793
245816
245881
245884
246020
246035
246049
246057
246080
246084
246087
246166
246184
246194
246211
2462664
246267
2462758
246373
246421
246458
246475
2464809
246485
246499
2465809
2465811
2466940
2467103
246741
246782
246830
246844
246872
246886
246887
246932
246938
247260
2474296
247526
2475260
247540
247637
247646
247791
247838
247859
247879
247988
248006
248051
248127
248138
248203
248218
248304
248388
2483963
2484040
2484406
248548
2485888
248673
248740
248746
248773
248899
2491529
249227
2493423
249387
249447
249528
249599
249611
2497404
249794
249804
249836
2499145
249935
250035
250185
250282
2504168
250508
2505930
250690
250696
250789
250792
2508206
2508606
250894
250900
2509726
2510200
251038
251093
251289
2512972
2513285
251331
2514624
2516745
251676
2516881
251708
251736
251783
251861
2518934
251928
251950
2520912
2521203
2521493
252404
252477
252562
252571
252577
252579
2526028
252634
2526793
2527174
2527520
2528783
2528877
2531099
253306
253310
253415
2534841
2536149
253675
253690
253754
2538753
253897
253900
2539591
253999
2540180
2540235
254028
254268
254296
254497
2545594
254621
254831
254928
2549881
2550733
2551031
255116
2551406
255147
255159
255189
255277
2552770
255392
2553932
255532
2556843
2556951
255703
255760
255902
255913
255931
255956
255965
256029
2560785
256091
256093
2561110
2562717
256272
2562745
2562823
256479
256481
2564818
256484
256585
256590
256614
256653
256695
2567954
2568125
2568175
256881
256964
2569787
257077
257171
2571971
257223
2572615
2574392
2576389
257991
258
2580409
258101
2581589
2581596
2581860
2582110
258320
2583961
258460
258494
258496
258589
2587247
2591730
2593540
2593614
2594255
2594492
2594499
2594503
259629
2596526
2596806
259702
259737
259780
2597833
259788
259791
2598881
260
260148
260194
260218
2603382
2603393
2603419
260347
260448
260522
2605596
260606
260716
2609543
260956
2609649
2609823
2610300
261177
2612074
261209
261278
2615006
2615008
261539
2615430
261567
261817
2619116
262041
2622329
262331
2626912
262877
262936
262960
262963
2630862
263193
2633599
2634118
263424
263482
263688
2639353
263966
264091
2641695
264190
264454
2644719
2644903
2645008
264553
2646088
264647
264666
2646842
2647110
2647243
264898
264990
265044
265129
265293
265298
265332
265385
2654051
265424
2655036
2655356
265666
265675
2658368
266166
2661730
266185
266228
2662925
2663076
2663078
2663235
2663269
266521
266549
2665653
2667699
2669171
267
267183
267215
2672705
267530
267780
2677954
2683872
268404
268471
2685126
268595
2686106
268797
2689783
269035
2691342
269243
269355
269375
2693832
269417
269435
2696301
2696516
2697062
2697524
2698834
2699226
269984
270268
270462
270468
270490
2705697
2705699
2705806
270622
270625
270651
2707420
2707578
2707651
2708220
270932
2709869
2712822
2713916
2714061
271683
271728
271751
2719475
2719500
272050
272158
2722283
272262
272335
272337
272370
272568
272816
272821
272851
272855
272933
2729677
2731857
273404
273712
2739126
2739192
273937
273946
2740466
274061
274075
274496
2747719
2747742
274949
2750058
2750166
275117
275160
275241
2753456
275349
275359
2754818
2755017
2755347
2755353
275568
275607
275653
2756982
2757018
2757391
2758202
275953
2759540
276
276130
2761616
276166
276450
276475
276514
276538
2766463
276705
276758
276772
276838
2768924
2769246
276937
276939
2769650
2771039
277163
277168
277248
277267
277346
277412
2775369
2776055
2776590
277682
2776852
277707
277714
277738
277748
277761
277790
277896
278016
278047
278155
2782172
278377
2784182
278533
2787838
2788826
2788840
278995
279047
2790657
2790718
279077
279131
279262
279310
279383
279412
2794696
279567
2797350
279776
279790
279809
279818
279821
2798781
2799243
2799802
280042
2801774
280198
2803106
280318
280467
280563
280722
280799
280909
280952
281029
281051
281096
281133
2811424
281180
281202
281268
281282
2813101
281330
281343
281372
281496
281541
281551
281674
281729
2819243
281960
281961
282004
2821971
282242
282275
282279
282286
2823419
282505
282524
282678
282706
282733
2827403
282969
282970
283089
2831915
283198
283311
283443
283569
283756
283811
283815
283855
283934
284145
284150
284184
284343
284345
284428
284463
284643
284788
284853
284860
284864
284949
285042
285150
285164
285167
285177
285314
2853525
2854667
285567
285652
2856594
2857378
285753
285789
285817
2858522
285939
2860128
286050
286057
2862937
286391
286415
286449
2865108
2866431
286677
286783
2868114
2868152
2868479
2868508
2868707
286888
2868911
286897
286939
2870050
2870662
287108
287180
287279
287329
2873354
2873883
287400
287451
287470
2875450
2875705
287615
287633
287647
287667
2877785
2878222
287897
287929
287933
288095
288210
2882711
2882713
2886040
2886107
2886721
2888088
2888146
2888660
2888669
288968
289143
289236
289338
2894222
289463
289524
289575
289605
289649
289673
2897878
2898074
2898079
289891
2899651
2899688
2900053
290080
2901937
2902317
290345
290365
2903661
290413
290420
2904227
2904291
290565
290573
290633
290644
2909276
290946
290948
290950
291
291038
291041
2910650
2911526
2911837
291200
291263
291353
291365
291371
2913873
2917510
291782
291927
292046
292067
292078
292200
2924659
2926806
2927186
2929311
292940
2932137
2932233
2932698
293293
2934264
2934269
293472
293474
2936323
2936682
2937678
2938036
2938105
293924
293951
2939651
294027
294091
2942549
294398
2944347
2944755
294555
294621
294663
2947354
2947981
2947992
2948125
294853
2948752
294877
2949968
295011
2950159
295067
2951004
295218
2952460
295649
2957383
2958698
2962457
2963858
296562
2967186
2967220
2967371
296969
297104
297196
297494
2975361
297643
297723
2978326
297871
297916
297948
297973
2981222
2981430
298171
2983498
2983752
298467
298519
298596
2990596
2990870
299187
2992963
2992975
2993256
2994752
2994847
2994852
2995722
299685
2997726
2997737
299834
299878
299885
2999243
2999353
2999523
300336
300347
300403
300548
3006677
300693
3007725
3007866
3008877
3009534
301098
3011554
3014366
3016319
301683
302415
302605
3028224
303022
303024
3030803
3031005
303134
3032371
303322
303642
3037346
303795
304
304176
304198
3042613
304336
3044196
304564
3046076
3046432
304786
304929
3049708
305186
305212
305223
305369
305553
305784
305786
305787
305835
305838
306320
3065349
3068830
3069458
3070176
3070190
307021
3070500
307169
307271
3075827
3076004
307942
308
3080896
308235
3082978
3083517
3083587
3083786
308781
309137
309154
3091803
3091980
3092288
309370
3094589
309655
3100064
310009
3100842
310225
310276
310402
3104406
310450
3105175
3106763
3106793
310797
310825
310927
3111449
311147
3111804
3113307
3113729
311478
3115182
311534
311540
3115472
3115611
3117777
312025
312139
3122595
312448
3124861
3127138
312800
312801
312821
312833
312836
3128395
3128601
3128626
3130110
313134
313233
3133914
3133931
313454
313530
3135681
313571
313705
313733
313771
314017
314144
314312
314597
3146000
3146035
3146263
3146281
3146533
314659
3148658
3148771
314951
3150229
3150539
315088
3151006
315269
3155477
315556
3155592
3155621
3157219
3158096
3159374
3161753
3162095
3163329
3163437
3163870
3163872
316544
3166972
316740
3168078
3168544
317
3171289
3173174
3173285
3173298
317341
317730
3178636
318002
3180190
3182497
3186538
3186837
318746
319100
3192806
3193128
319460
3194721
3195021
319520
3195377
3195533
3197481
3197673
319887
320191
3203765
320442
320699
320704
3207466
3207705
3207758
320900
3209391
3209575
321335
321477
3217235
3217433
321883
3219859
3219883
3221306
3221563
3221678
322300
322419
322466
3226557
3226591
3226768
3226827
3227287
322787
3229039
3229345
3231844
3233438
323528
323573
323655
3237330
323841
3238825
323899
324079
3241023
3241899
324314
324340
324418
3244322
3244971
3245245
324535
324693
3247467
3251512
3251578
3258835
326157
3263848
3263966
3264082
3265772
3265786
3269882
3270579
3275450
3275555
3276125
3277267
3277827
327987
328110
3283200
328476
328500
3286304
3286339
3287475
3287777
3288059
3288074
3290031
329237
3296608
3297752
3298125
3299973
3300862
330107
3302062
3302326
330400
3306455
3307254
3307356
3307635
330789
330888
330920
3309991
3310220
3311588
331169
3312527
3312575
3312606
3313809
331487
331510
3319040
3321178
3322804
3326603
3326610
332700
3331702
333211
3333690
3334176
3334180
3334182
3334483
3334495
333504
333512
333621
3338468
3338676
3340119
334014
3340452
3343880
3343883
3345382
334588
3345924
334628
3346698
3348368
3349011
3349094
3349125
334975
3350559
335072
3350807
3352261
3352597
335396
335451
3355753
3355807
3356026
3356537
335723
3358143
3359643
3359856
3360271
336144
336174
336529
336604
336818
336953
3370121
3370394
3370944
3376317
338010
3382051
3382813
338307
338318
338372
3384011
3385718
3385729
338581
3389142
3389768
338977
3390135
3390820
3391114
3392705
339335
339475
339508
3396147
340104
3402376
3403877
3405336
3405341
3405545
3405552
3408196
3408268
3409186
3409367
3409790
3411412
3411413
3412787
3413896
341573
3416701
3418300
3418390
341854
341855
341966
342251
342306
3426757
3428461
343
343069
343073
343180
3433693
3435126
3435338
3437024
3437415
3438715
3438870
3439170
343965
3440702
344113
3443508
3448777
344896
3449236
344965
3453611
3454349
3455877
345600
3456407
345711
3457587
3458804
3460389
3460450
3462096
3467242
3467336
3467425
3467526
3470097
3470706
347074
3470810
347195
3472902
3473047
3473438
3474880
3475092
3478191
3478454
3478583
3478972
3479447
3479885
3480419
3481088
3481117
3482442
348257
3483637
3483759
3483888
348567
3490194
3490235
3490258
3492240
3493510
3496655
3497768
3497789
3498047
3498252
3500614
3503142
3503537
3506528
3506817
3507207
3507400
3508453
3508648
350866
3508931
3509076
3509586
351074
3512674
351350
351463
3514767
3516412
3517399
3517429
3518121
3521055
3524343
3524370
3527296
3528337
352835
3529967
3532865
353673
3538584
3538771
353958
3541631
3544494
3544497
3545588
3547688
3548066
3548211
3548544
355026
3551590
3553070
3553122
3553805
355458
355488
355570
3556581
3556656
3557058
355812
3560347
3560728
3560753
3560825
3563776
3563867
3565183
3565361
356590
3566031
3566211
356629
356704
3567549
3568603
357052
357059
3577641
3577725
357783
3579325
3579748
3579766
358268
3582793
358281
3584148
3584180
358538
358843
358992
3590948
359115
3592448
359351
3593683
360114
3603445
361306
362
3620318
3620680
362215
362256
3623475
3623647
3625148
3625715
3626122
3626424
3626566
3627806
3627863
362801
3628837
3629080
3630180
3630263
3630271
3630856
3632733
363812
363934
363941
3641377
364378
364417
3645236
3645239
3645587
364613
3646515
3648270
3648321
3648468
3649805
3650121
365240
3655422
3655990
365637
3657166
3657320
3657728
3657953
3658111
3659243
3659736
3660145
3661189
3665271
366742
3670642
3671076
3671086
367157
367409
3679950
368105
3689497
3689835
3689837
369091
369212
369351
3694788
3694864
3694871
3696761
3698225
3700039
370392
3707626
3708878
371006
3712350
3712555
371315
3713328
3714626
3714997
3718294
3718611
3718717
372161
372310
3723986
372631
372906
373069
373317
374265
3745485
374588
3746665
3749456
375074
375140
3756873
3756971
3757351
3758152
3759152
3759206
3759388
3759813
3759919
3759993
3760131
3760247
3761752
3766534
3766539
3767544
3767612
3767715
3769496
3769501
3769793
3769871
3769952
3770115
3770557
3771681
3797119
3797624
3814301
3814820
3814885
3815113
3815159
3817762
3817831
3819579
3819583
3820666
3821435
3824042
3824070
3824077
3824083
3824884
3825055
3825060
3826343
3837657
3839700
3839733
3840351
3841359
3841931
3845575
3846721
3869791
3869986
3870161
3870169
3872905
3874273
3877842
3878194
3878769
3880045
3880468
3881866
3881959
3884027
3884134
3884247
3884362
3884691
3907862
3907931
3909901
3911698
3911779
3911827
3912006
3914410
3914567
3914749
3914852
3919954
3920093
3920410
3923106
3923216
3924711
3924850
3924892
3925127
3949102
3949142
3949258
3949393
3949660
3950708
3950810
3950974
3951001
3951117
3956280
3956337
3956414
3958145
3958491
3970617
3972649
3972734
3974416
3979271
3979457
3979931
3999209
4001823
4001859
4001870
4002247
4003361
4003368
4003742
4003923
4006875
4007252
4009399
4009459
4009471
4009485
4010083
4011220
4011224
4012133
4014941
4015116
4017428
4017959
4019463
4022508
4022966
4025407
4025716
4026828
4027209
4027238
4028186
4028272
4028281
4028295
4029449
4029997
4041840
4046070
4046246
4046325
4046480
4047551
4048777
4049651
4050126
4050149
4050360
4050445
4050763
4051731
4052416
4052558
4053964
4054643
4057166
4057328
4059036
4059326
4059490
4059564
4059713
4073955
4074140
4074350
4074356
4074405
4076432
4076638
4076932
4078817
4079283
4079578
4099063
4099547
4099884
4100298
4104552
4104618
4105637
4106028
4107128
411
4119155
4119337
4122965
4123226
4124686
4124739
4125667
4125840
4127274
4127324
4127437
4131145
4131316
4132208
4132366
4132767
4132806
4134715
4135983
4136245
4136511
4136789
4136907
4137750
4145358
4146620
4146675
4147005
4151782
4153268
4154406
4154663
4154784
4155557
4156430
4156585
4156611
4156691
4157174
4157313
4157330
4157340
4157412
4157798
4158071
4158108
4158300
4160642
4161077
4162646
4174992
4180143
4180991
4180992
4181624
4182009
4182065
4182563
4186787
4188241
4188260
4189021
4190809
4191009
4191183
4200779
4201054
4201189
4201288
4203175
4203297
4203316
4206727
4208066
4208963
4208999
4209139
4218147
4218324
4218669
4218826
4219054
4219097
4219980
4220472
4226766
4229806
4231887
4231982
4232497
4233994
4234018
4234395
4234421
4235207
4235218
4235242
4235266
4236389
4236680
4240194
4244268
4244360
4245354
4245900
4245934
424630
424771
4248266
4248287
4248624
4248676
4248689
4249109
4249282
424929
4249480
4249517
4250338
425039
4250810
4250838
4255476
4255949
4257263
4258048
4258051
4259545
426
427127
427790
4279922
4280353
4280376
4280657
4280786
4280859
4282086
4282165
428517
4285208
428546
4288565
429595
429732
4298378
429884
4299183
4300588
4300714
4300906
4301898
4301941
4302251
4302453
4302706
4302991
4303103
4303727
4303754
4303934
430541
4314392
4314697
4314701
4314843
4314928
4315429
4334086
4334133
4334416
4335814
4336011
4340542
4340845
4350383
4350455
4352454
4352670
4354174
4354179
4360158
4361314
4362952
4363143
4363757
4363758
4365754
4366118
4366136
4368275
4373957
4375305
4376540
4376679
4380067
4381564
4381782
4381878
4386583
4386585
4386823
4386932
439
4390850
4405471
4406360
4407135
4407249
4407277
4407303
4407751
4412092
4412097
4412285
4412490
4413849
4418138
4418414
4418475
4419852
442
4420092
4421033
4421413
4421418
4421524
4421598
4421601
4423294
4426044
4426052
4426396
4427723
4428466
4428790
4430192
4430324
4430403
4430458
4430624
4430740
4430816
4430921
4431009
4431176
4431241
4431252
4432307
4432361
4432409
4433012
4433069
4433088
4434178
4434336
4434355
4437395
4437554
4437811
4439357
4439984
444
4440003
4440102
4440565
4440570
4440606
444123
4442081
444231
4442843
444343
4443723
4444243
4444981
4444984
4445075
4446042
4446136
4446261
4446381
4449778
4449905
4450028
4450120
4450276
4451351
4451396
4451427
4452091
4452093
4452096
4452099
4452102
4452340
4453655
4454059
4454081
4454351
4454445
4454451
4454458
4455534
4455557
4455583
4455587
4455758
4456224
4456341
4456358
4457288
4457394
4457531
4457834
4461149
4479333
4479372
4479376
4479400
4479561
4479636
4479641
4480356
4480555
4480609
4480656
4480672
4481772
4481837
4482353
4482356
4482359
4482521
4482786
4482898
4483835
4484177
4484379
4484412
4484691
4484706
4484982
4486465
4489535
4489619
4489620
4489626
4492184
4492193
4492343
4492657
4492960
4493255
4493387
4493479
4493485
4493585
4493602
4493618
4493626
4493740
4494035
4494133
4494407
4494671
4498042
450
4501499
4501663
4501768
4501796
4503315
4505867
4507639
4507811
4509245
4509268
4509804
4509824
4509830
4510888
4510906
4511286
4511301
4511348
4511445
4511489
4511491
4511555
4514202
4514427
4514837
4515907
4516091
4516093
4516678
4516734
4517071
4517222
4518357
4518606
4518651
4518791
4518845
4518902
4519378
4520942
4520945
4520982
4521031
4521043
4521108
4521706
4532777
4533007
454
4540660
4540733
4541553
4541704
4542738
4542888
4543705
4545057
4545411
4545621
4545680
4550549
4550773
4551003
4552519
4552559
4552624
4553214
4553296
4553297
4553299
4553398
4553459
4557865
4558031
4558160
4558190
4558256
4558260
4558273
4558283
4558338
4558383
4558635
4559384
4560609
4560713
4560860
4561277
4562038
4564414
4564489
4564507
4565349
4568077
4568216
4568296
4569896
4569914
4569936
4569974
4570281
4570587
4570732
4570921
4571033
4571090
4571131
4571229
4571313
4572677
4572704
4572975
4573053
4573337
4573371
4573596
4575933
4576261
457670
4579336
4579862
4579908
4581116
4581400
4581718
4581768
4581781
4581898
4582030
4583405
4583416
4583898
4584292
4584357
4584707
4584711
4585937
4586195
4586207
4586321
458730
458792
4588503
4588817
4588818
459
4591626
4591637
4591644
4591802
4591832
4592170
4592739
4592761
4594190
4594200
4594479
4594661
4594671
4594706
459599
460153
460213
460367
4606655
4606692
4607239
4607519
4607536
4608672
4608798
460925
4609252
4614495
4614965
4617986
4618570
4623477
462351
4624006
4624138
462494
4625857
4625863
4626450
4626669
462737
4630177
4630228
463049
4631494
4631878
4635434
4635654
463568
4637292
4637658
4638433
4638462
4639846
463998
4640429
4640718
464107
4641958
4642869
4642870
464310
4643794
464591
4647698
4647817
4648067
4649297
4649552
4649924
465001
4650805
4652213
4652383
4652386
4652486
4652497
4652597
4652606
4652647
4653134
4654454
4654611
465503
4655032
4655329
4655343
4656205
4656343
4656668
4659598
466
466000
4660037
466022
4661184
4661364
4661487
4661488
4661529
4661750
4661769
4661797
4661901
4661911
4662045
4662103
4663736
4663986
4665918
4666019
4667004
4667271
4667414
466783
466962
4671646
4672816
4674405
4674641
4674647
4674702
4674704
4675461
4675515
4675745
4675753
4675816
4675939
4679614
4679758
4679771
4680814
4682641
4682835
4683242
4685574
469296
4693160
4694130
4694902
4696093
4696230
469671
4696793
4696843
4702411
4702425
4702465
4705523
4705926
4705934
4707104
4707111
4707257
4707264
4707296
470756
4709094
4711035
4711039
4711051
4711055
4711058
4711382
4712961
4713030
4713037
4713038
4713039
4713040
4713041
4713046
4713083
4713089
4713091
4713094
4713102
4713110
4713113
4713115
4713140
4713208
4713326
4713457
4713539
4713616
4713619
4713626
4713635
4713637
4713645
4713647
4713658
4713785
4713797
4713824
4714720
4714749
4715403
4715442
4716301
4716340
4716619
4716664
4719467
4719532
4720735
4721598
4721639
4721845
4721873
4721887
4722514
4722564
4723995
4724077
4724319
4724328
4724331
4724486
4724499
4724534
4724545
4724555
4724557
4724563
4724577
4724594
4724603
4724612
4724618
4724622
4724623
4724684
4724685
4724690
4724692
4724748
4725721
4726428
4727583
4727719
4727942
4731917
4731983
4732022
4732083
4732145
4732245
4732259
4732266
4732278
4732373
4732376
4732377
4732407
4732415
4732424
4732437
4732441
4732446
4732448
4732462
4732493
4732541
4732555
4732601
4732624
4732638
4732646
4732650
4732658
4732698
4732759
4732760
4732763
4732768
4732770
4732837
4732863
4745289
4745307
4745316
4745322
4745324
4745327
4745330
4745343
4745374
4745383
4745552
4746148
4746157
4749488
4749555
4749570
4749615
4749826
4750947
4751000
4751226
4753870
4753878
4754060
4754090
4754215
4754238
4754386
4758602
4758805
4758903
4758904
4758916
4758919
4758921
4758942
4758954
4758957
4759100
4759103
4759109
4759121
4759124
4759128
4759135
4759254
4759260
4759342
4759350
4759355
4761143
4761780
4761788
4761791
4761794
4761800
4761808
4761957
4763817
4763968
4764025
4764043
4764187
4764750
4766217
4768741
4768895
4770375
4770573
4770760
4770893
4770953
4771040
4771058
4771061
4771065
4771068
4771079
4771084
4771092
4771096
4771098
4771244
4771250
4771263
4771285
4771329
4772501
4772778
4773120
4773192
4773231
4773452
4773453
4773456
4773462
4773467
4773486
4773487
4773507
4773513
4773520
4773524
4774521
4775359
4776240
4776463
4776798
4776808
4776820
4779424
4779426
4779472
4779538
4779715
4779761
4779788
4780083
4780468
4782513
4782578
4782674
4783660
4783821
4783847
4783990
4784021
4784050
4784467
4784548
4784551
4785367
4785414
4785508
4785559
4785562
4785575
4785758
4786080
4787391
4787769
4790875
4791065
4792406
4792751
4792995
4793090
4793223
4793240
4793310
4793373
4804092
4804127
4804167
4804218
4804471
4804640
4804704
4804795
4804916
4804969
4805095
4806118
4806306
4806890
4807852
4807903
4808048
4808055
4808239
4808242
4810851
4816403
4816443
4816693
4816715
4816967
4818100
4818324
4818509
4819263
4819343
4819359
4819365
4819368
4819666
4819755
4819870
4820840
4821072
4821213
4821232
4821536
4821614
4821761
4821772
4821907
4822008
4822036
4822113
4823330
4823829
4824140
4824351
4825230
4825578
4826292
4826472
4826560
4826956
4826961
4830548
4830632
4830861
4831387
4831405
4831415
4832572
4832669
4832816
4832924
4833152
4833468
4833634
4833673
4834795
4835084
4835324
4836418
4836485
4836523
4836530
4837143
4837169
4837216
4837510
4837611
4840408
4840507
4840511
4841772
4842222
4842408
4842459
4842975
4843258
4844587
4844674
4844684
4844709
4844792
4844821
4844969
4844972
4845445
4845536
4845559
4845568
4845651
4846759
4847011
4847073
4847453
4847456
4848663
4848763
4848903
4849188
4849263
4852111
4852240
4852592
4853881
4854452
4854590
4854809
4855794
4855919
4856215
4856230
4856261
4856272
4857182
4858141
4858373
4858430
4858438
4858944
4858957
4858967
4859341
486
4868245
4868248
4868290
4868333
4868641
4868767
4869019
4869029
4871892
4872213
4873731
4873793
4873882
4873898
4873935
4873952
4873973
4874043
4874269
4874385
4874668
4876063
4876395
4876408
4876667
4876975
4877044
4877169
4878338
4878341
4878346
4878406
4878560
4879000
4879205
4879490
4879514
4880394
4880424
4880592
4880806
4880860
4880875
4883912
4884063
4884197
4884407
4884495
4884633
4886470
4886495
4886623
4887161
4887297
4887370
4887385
4887505
4887515
4887718
4887725
4887745
4887774
4889134
4889149
4889240
4889494
4889516
4889537
4889780
4890179
4890459
4890463
4890484
4890560
4890568
4897271
4897425
4897730
4897805
4897905
4898248
4898252
4901017
4901109
4901472
4901920
4902818
4903079
4903092
4903137
4903139
4903142
4903143
4903183
4903343
4904126
4904259
4905695
4905816
4906036
4906041
4906079
4906222
4908257
4908385
4908550
4908675
4908734
4908752
4908998
4909004
4909392
4909429
4910529
4910576
4910621
4910635
4910905
4910930
4911119
4914586
4916087
4916231
4916303
4916450
4917985
4918099
4918116
4918964
4920123
4921205
4921214
4921268
4921332
4921371
4921666
4921708
4921869
4922167
4922261
4922288
4922325
4922327
4923175
4923410
4923602
4923695
4923702
4926911
4926991
4927039
4927174
4927374
4927429
4927437
4927540
4927581
4928673
4928684
4928701
4928828
4928907
4928930
4929115
4929117
4929217
4929457
4929590
4929754
4929760
4929849
4929877
4929900
4929964
4930064
4930988
4931210
4931224
4931509
4931593
4931604
4931636
4931662
4931827
4931917
4932026
4933123
4933133
4933336
4933636
4934142
4935115
4935133
4935419
4935447
4935454
4935524
4935556
4935560
4935565
4935676
4935740
4935869
4938395
4938432
4938468
4938488
4938500
4938503
4938516
4938523
4938606
4938695
4939144
4939199
4939202
4940339
4940378
4940404
4940802
4940861
4941263
4941350
4941351
4941359
4941364
4955451
4955464
4955529
4955739
4956054
4956258
4956342
4956387
4956557
4956592
4956597
4957431
4957603
4957785
4957816
4957929
4958073
4958256
496
4961479
4961836
4961875
4961932
4962091
4962429
4962554
4962671
4962702
4962730
4962950
4962991
4963484
4963517
4966859
4966896
4966900
4967151
4967155
4967234
4967306
4967339
4967396
4967499
4967514
4967543
4967562
4967600
4967612
4968042
4971595
4971628
4972118
4972198
4972476
4972599
4973888
4974595
4974673
4975707
4975709
4979116
4979181
4979396
4979479
4979490
4979502
4979746
4979856
4979868
4979967
4980174
4980523
4981976
4982014
4982136
4982158
4982358
4982457
4982614
4984145
4984464
4984636
4984772
4984814
4984843
4984952
4985037
4985143
4986108
4986113
4986130
4986146
4986166
4986691
4986951
4987022
4987063
4987101
4987231
4987242
4988265
4988513
4988760
499
4990485
4990553
4990602
4992263
4992335
4992354
4992563
4993644
4993741
4993842
4994090
4994128
4994805
4995295
5011395
5011506
5011788
5011852
5011881
5012157
5012208
5012219
5012231
5012238
5012390
5012425
5012445
5012458
5012465
5012476
5013040
5013068
5013073
5013183
5013265
5013562
5013636
5013642
5013720
5017494
5017498
5017500
5017630
5018465
5018707
5018734
5018764
5019077
5019088
5019355
5019418
5019572
5019629
5019757
5019762
5019791
5019792
502
5020790
5021749
5022437
5023103
5024537
5024667
5024960
5025013
5025108
5025127
5026203
5026341
5026348
5026362
5026399
5026856
5026897
5026994
5026998
5027190
5027222
5027297
5027404
5027505
5028334
5028362
5028427
5028651
5029185
5029208
5029288
5029490
5029747
5032999
5033203
5033712
5034707
5034944
5034974
5035046
5035387
5035393
5035511
5035570
5035576
5035672
5035721
5035755
5035796
5035809
5035900
5035933
5035943
5035951
5037094
5037538
5037726
5037762
5037860
5037926
5037953
5038052
5038164
5038173
5039307
5039342
5039400
5039451
5039519
5039591
5039607
5039778
5039787
5039800
5039842
5040151
5040181
5040349
5041335
5041353
5041366
5041375
5041378
5041715
5042135
5042237
5042384
5044962
5045024
5045089
5045134
5045212
5045403
5045408
5045712
5045759
5046013
5047059
5047061
5047066
5047072
5047263
5047288
5047565
5047762
5047799
5047962
5047966
5048109
5048141
5048147
5048184
5049750
5049816
5049895
5049929
5050156
5050290
5050415
5050677
5050761
5050779
5050926
5050962
5050966
5050984
5052107
5052118
5052280
5052626
5052651
5053020
5053061
5053095
5053178
5054292
5054317
5054345
5054681
5057403
5057547
5057604
5057694
5057699
5057801
5058394
5058729
5058785
5058959
5058993
5070824
5071364
5073235
5073380
5073445
5073488
5073687
5073699
5073757
5073762
5073768
5073793
5074958
5075008
5075037
5075057
5075062
5075070
5075080
5075085
5075091
5075097
5075119
5075126
5075128
5075225
5075233
5075884
5076876
5076923
5077146
5077403
5078595
5078795
5083771
5083954
5083976
5084892
5085184
5085332
5085343
5085529
5085782
5085957
5085972
5086001
5087246
5087252
5087257
5087260
5087263
5087266
5087272
5087278
5087334
5087420
5087706
5087733
5087742
5087757
5087763
5087805
5087806
5087809
5087834
5087841
5087937
5087959
5087960
5087967
5087984
5087988
5088021
5088032
509283
5096376
5096535
5104079
512371
523
526
527
562186
562390
564276
564405
568999
569102
57
571119
573102
573104
573586
573653
573758
574
576842
577
578825
580143
580327
580496
585
587584
587667
598237
60
607610
608
608509
611104
612662
614271
615
616541
618622
618768
618906
618921
620521
621043
621218
621838
621907
622047
624117
624671
624847
629122
629232
631573
631686
631697
633783
636058
636558
637380
638020
639
640539
641258
641260
644009
644028
645071
645141
645198
645281
648608
650124
651826
652445
653395
654724
656714
659
660229
663431
664
664351
666902
669879
669913
671672
671888
673053
673737
676775
677416
677717
679117
679164
679302
68
681207
681380
682038
683179
685446
686249
686529
687924
689480
690928
691460
694739
694781
696406
697148
697248
698753
699852
699920
701509
701560
702460
703946
704229
704453
704659
705696
706861
707230
708408
708700
708701
708924
709021
709681
709765
711041
711953
714173
714255
716509
718262
718334
718423
718957
718964
719019
723627
723666
723887
725229
725606
729789
729887
729971
729994
731363
733201
733460
735528
735599
735676
736233
737846
739513
740598
741145
742410
742436
744286
744825
745419
746081
746460
746508
746764
747773
769231
771996
773393
773409
773549
774825
778071
780494
781319
781434
783544
783893
784377
785029
785504
791387
792525
794139
795136
795158
795776
799939
800039
800342
801081
801154
801188
802827
803827
808045
808936
809066
809268
812544
815684
815971
816526
818954
823316
824764
827357
827484
829491
830650
831513
831611
834758
837046
837166
841464
841539
842308
842410
842486
844559
844640
847368
848146
848634
849343
849391
849600
855367
864834
864916
865780
866845
869087
869203
871407
871470
871694
871858
872660
873075
873353
873416
878539
879928
879982
885612
886446
886447
886873
88803
88812
889542
890066
898081
901084
901275
902894
903010
904244
908314
909903
910148
912361
916184
916211
916247
919381
920879
923041
927997
930774
930775
931461
931606
933073
936483
937588
937832
942678
944196
948917
948927
948928
950129
950446
950639
962690
963764
964232
96674
968150
973626
976946
979864
980630
981671
981689
982056
983009
983308
983503
985041
987505
988424
988459
990881
991960
993828
993980
996482
996565
996936
997669
998954
